Determining if the pthread_create exist failed with the following output:
Change Dir: /home/ljf/CLionProjects/GameServer/cmake-build-debug/CMakeFiles/CMakeTmp

Run Build Command:"/usr/bin/make" "cmTC_25536/fast"
/usr/bin/make -f CMakeFiles/cmTC_25536.dir/build.make CMakeFiles/cmTC_25536.dir/build
make[1]: Entering directory '/home/ljf/CLionProjects/GameServer/cmake-build-debug/CMakeFiles/CMakeTmp'
Building C object CMakeFiles/cmTC_25536.dir/CheckSymbolExists.c.o
/usr/bin/cc    -o CMakeFiles/cmTC_25536.dir/CheckSymbolExists.c.o   -c /home/ljf/CLionProjects/GameServer/cmake-build-debug/CMakeFiles/CMakeTmp/CheckSymbolExists.c
Linking C executable cmTC_25536
/home/ljf/clion-2018.2.4/bin/cmake/linux/bin/cmake -E cmake_link_script CMakeFiles/cmTC_25536.dir/link.txt --verbose=1
/usr/bin/cc      CMakeFiles/cmTC_25536.dir/CheckSymbolExists.c.o  -o cmTC_25536 
CMakeFiles/cmTC_25536.dir/CheckSymbolExists.c.o: In function `main':
CheckSymbolExists.c:(.text+0x1b): undefined reference to `pthread_create'
collect2: error: ld returned 1 exit status
CMakeFiles/cmTC_25536.dir/build.make:86: recipe for target 'cmTC_25536' failed
make[1]: *** [cmTC_25536] Error 1
make[1]: Leaving directory '/home/ljf/CLionProjects/GameServer/cmake-build-debug/CMakeFiles/CMakeTmp'
Makefile:121: recipe for target 'cmTC_25536/fast' failed
make: *** [cmTC_25536/fast] Error 2

File /home/ljf/CLionProjects/GameServer/cmake-build-debug/CMakeFiles/CMakeTmp/CheckSymbolExists.c:
/* */
#include <pthread.h>

int main(int argc, char** argv)
{
  (void)argv;
#ifndef pthread_create
  return ((int*)(&pthread_create))[argc];
#else
  (void)argc;
  return 0;
#endif
}

Determining if the function pthread_create exists in the pthreads failed with the following output:
Change Dir: /home/ljf/CLionProjects/GameServer/cmake-build-debug/CMakeFiles/CMakeTmp

Run Build Command:"/usr/bin/make" "cmTC_5f7a1/fast"
/usr/bin/make -f CMakeFiles/cmTC_5f7a1.dir/build.make CMakeFiles/cmTC_5f7a1.dir/build
make[1]: Entering directory '/home/ljf/CLionProjects/GameServer/cmake-build-debug/CMakeFiles/CMakeTmp'
Building C object CMakeFiles/cmTC_5f7a1.dir/CheckFunctionExists.c.o
/usr/bin/cc   -DCHECK_FUNCTION_EXISTS=pthread_create   -o CMakeFiles/cmTC_5f7a1.dir/CheckFunctionExists.c.o   -c /home/ljf/clion-2018.2.4/bin/cmake/linux/share/cmake-3.12/Modules/CheckFunctionExists.c
Linking C executable cmTC_5f7a1
/home/ljf/clion-2018.2.4/bin/cmake/linux/bin/cmake -E cmake_link_script CMakeFiles/cmTC_5f7a1.dir/link.txt --verbose=1
/usr/bin/cc  -DCHECK_FUNCTION_EXISTS=pthread_create    CMakeFiles/cmTC_5f7a1.dir/CheckFunctionExists.c.o  -o cmTC_5f7a1 -lpthreads 
/usr/bin/ld: cannot find -lpthreads
collect2: error: ld returned 1 exit status
CMakeFiles/cmTC_5f7a1.dir/build.make:86: recipe for target 'cmTC_5f7a1' failed
make[1]: *** [cmTC_5f7a1] Error 1
make[1]: Leaving directory '/home/ljf/CLionProjects/GameServer/cmake-build-debug/CMakeFiles/CMakeTmp'
Makefile:121: recipe for target 'cmTC_5f7a1/fast' failed
make: *** [cmTC_5f7a1/fast] Error 2


